<?xml version="1.0" encoding="UTF-8"?>
<!-- Generated by org.testng.reporters.JUnitXMLReporter -->
<testsuite hostname="LAPTOP-G2P2MI3J" ignored="0" name="登录测试" tests="8" failures="1" timestamp="2020-10-20T21:32:30 CST" time="93.243" errors="0">
  <testcase name="loginFailed" time="8.725" classname="com.lemon.cases.LoginCase"/>
  <testcase name="loginFailed02" time="15.105" classname="com.lemon.cases.LoginCase">
    <failure type="org.openqa.selenium.TimeoutException" message="Expected condition failed: waiting for presence of element located by: By.xpath: //*[contains(@text,&amp;apos;手机号码或密码不能为空1&amp;apos;)] (tried for 10 second(s) with 500 milliseconds interval)">
      <![CDATA[org.openqa.selenium.TimeoutException: Expected condition failed: waiting for presence of element located by: By.xpath: //*[contains(@text,'手机号码或密码不能为空1')] (tried for 10 second(s) with 500 milliseconds interval)
at org.openqa.selenium.support.ui.WebDriverWait.timeoutException(WebDriverWait.java:95)
at org.openqa.selenium.support.ui.FluentWait.until(FluentWait.java:272)
at com.lemon.common.BasePage.waitElementPresence(BasePage.java:64)
at com.lemon.common.BasePage.getToastText(BasePage.java:86)
at com.lemon.page.LoginPage.loginFailedFLow(LoginPage.java:74)
at com.lemon.cases.LoginCase.loginFailed02(LoginCase.java:66)
at com.lemon.listener.AllureScreenShotListener.run(AllureScreenShotListener.java:28)
at java.util.ArrayList.forEach(ArrayList.java:1257)
Caused by: org.openqa.selenium.NoSuchElementException: An element could not be located on the page using the given search parameters.
For documentation on this error, please visit: https://www.seleniumhq.org/exceptions/no_such_element.html
Build info: version: '3.141.59', revision: 'e82be7d358', time: '2018-11-14T08:17:03'
System info: host: 'LAPTOP-G2P2MI3J', ip: '192.168.199.193', os.name: 'Windows 10', os.arch: 'amd64', os.version: '10.0', java.version: '1.8.0_231'
Driver info: io.appium.java_client.android.AndroidDriver
Capabilities {appActivity: com.lemon.lemonban.activity..., appPackage: com.lemon.lemonban, databaseEnabled: false, desired: {appActivity: com.lemon.lemonban.activity..., appPackage: com.lemon.lemonban, deviceName: 127.0.0.1:62001, platformName: android}, deviceApiLevel: 25, deviceManufacturer: OPPO, deviceModel: OPPO R11 Plus, deviceName: 127.0.0.1:62001, deviceScreenDensity: 320, deviceScreenSize: 900x1600, deviceUDID: 127.0.0.1:62001, javascriptEnabled: true, locationContextEnabled: false, networkConnectionEnabled: true, pixelRatio: 2, platform: LINUX, platformName: Android, platformVersion: 7.1.2, statBarHeight: 48, takesScreenshot: true, viewportRect: {height: 1552, left: 0, top: 48, width: 900}, warnings: {}, webStorageEnabled: false}
Session ID: 3afb7b9e-e2bc-43c4-8b3b-6e39712c6e65
*** Element info: {Using=xpath, value=//*[contains(@text,'手机号码或密码不能为空1')]}
at org.openqa.selenium.remote.http.W3CHttpResponseCodec.createException(W3CHttpResponseCodec.java:187)
at org.openqa.selenium.remote.http.W3CHttpResponseCodec.decode(W3CHttpResponseCodec.java:122)
at org.openqa.selenium.remote.http.W3CHttpResponseCodec.decode(W3CHttpResponseCodec.java:49)
at org.openqa.selenium.remote.HttpCommandExecutor.execute(HttpCommandExecutor.java:158)
at io.appium.java_client.remote.AppiumCommandExecutor.execute(AppiumCommandExecutor.java:239)
at org.openqa.selenium.remote.RemoteWebDriver.execute(RemoteWebDriver.java:552)
at io.appium.java_client.DefaultGenericMobileDriver.execute(DefaultGenericMobileDriver.java:42)
at io.appium.java_client.AppiumDriver.execute(AppiumDriver.java:1)
at io.appium.java_client.android.AndroidDriver.execute(AndroidDriver.java:1)
at org.openqa.selenium.remote.RemoteWebDriver.findElement(RemoteWebDriver.java:323)
at io.appium.java_client.DefaultGenericMobileDriver.findElement(DefaultGenericMobileDriver.java:62)
at io.appium.java_client.AppiumDriver.findElement(AppiumDriver.java:1)
at io.appium.java_client.android.AndroidDriver.findElement(AndroidDriver.java:1)
at org.openqa.selenium.remote.RemoteWebDriver.findElementByXPath(RemoteWebDriver.java:428)
at io.appium.java_client.DefaultGenericMobileDriver.findElementByXPath(DefaultGenericMobileDriver.java:152)
at io.appium.java_client.AppiumDriver.findElementByXPath(AppiumDriver.java:1)
at io.appium.java_client.android.AndroidDriver.findElementByXPath(AndroidDriver.java:1)
at org.openqa.selenium.By$ByXPath.findElement(By.java:353)
at org.openqa.selenium.remote.RemoteWebDriver.findElement(RemoteWebDriver.java:315)
at io.appium.java_client.DefaultGenericMobileDriver.findElement(DefaultGenericMobileDriver.java:58)
at io.appium.java_client.AppiumDriver.findElement(AppiumDriver.java:1)
at io.appium.java_client.android.AndroidDriver.findElement(AndroidDriver.java:1)
at org.openqa.selenium.support.ui.ExpectedConditions$6.apply(ExpectedConditions.java:182)
at org.openqa.selenium.support.ui.ExpectedConditions$6.apply(ExpectedConditions.java:179)
at org.openqa.selenium.support.ui.FluentWait.until(FluentWait.java:249)
... 39 more
... Removed 36 stack frames]]>
    </failure>
  </testcase> <!-- loginFailed02 -->
  <testcase name="loginFailed02" time="4.969" classname="com.lemon.cases.LoginCase"/>
  <testcase name="loginFailed02" time="5.201" classname="com.lemon.cases.LoginCase"/>
  <testcase name="loginFailed02" time="5.282" classname="com.lemon.cases.LoginCase"/>
  <testcase name="loginSuccess" time="6.864" classname="com.lemon.cases.LoginCase"/>
  <testcase name="testFavorites" time="7.374" classname="com.lemon.cases.TikuCase"/>
  <testcase name="testShowAnswer" time="8.544" classname="com.lemon.cases.TikuCase"/>
</testsuite> <!-- 登录测试 -->
