<?xml version="1.0" encoding="UTF-8"?>
<testng-results skipped="0" failed="1" ignored="0" total="8" passed="7">
  <reporter-output>
  </reporter-output>
  <suite name="futureloan" duration-ms="93243" started-at="2020-10-20T21:30:56 CST" finished-at="2020-10-20T21:32:30 CST">
    <groups>
    </groups>
    <test name="登录测试" duration-ms="93243" started-at="2020-10-20T21:30:56 CST" finished-at="2020-10-20T21:32:30 CST">
      <class name="com.lemon.cases.LoginCase">
        <test-method status="PASS" signature="setUp()[pri:0, instance:com.lemon.cases.LoginCase@2552f2cb]" name="setUp" is-config="true" duration-ms="11820" started-at="2020-10-20T21:30:56 CST" finished-at="2020-10-20T21:31:08 CST">
          <reporter-output>
          </reporter-output>
        </test-method> <!-- setUp -->
        <test-method status="PASS" signature="loginFailed()[pri:0, instance:com.lemon.cases.LoginCase@2552f2cb]" name="loginFailed" duration-ms="8725" started-at="2020-10-20T21:31:19 CST" finished-at="2020-10-20T21:31:28 CST">
          <reporter-output>
          </reporter-output>
        </test-method> <!-- loginFailed -->
        <test-method status="FAIL" signature="loginFailed02(java.lang.String, java.lang.String, java.lang.String)[pri:0, instance:com.lemon.cases.LoginCase@2552f2cb]" name="loginFailed02" duration-ms="15105" started-at="2020-10-20T21:31:28 CST" data-provider="datas" finished-at="2020-10-20T21:31:43 CST">
          <params>
            <param index="0">
              <value>
                <![CDATA[]]>
              </value>
            </param>
            <param index="1">
              <value>
                <![CDATA[]]>
              </value>
            </param>
            <param index="2">
              <value>
                <![CDATA[手机号码或密码不能为空1]]>
              </value>
            </param>
          </params>
          <exception class="org.openqa.selenium.TimeoutException">
            <message>
              <![CDATA[Expected condition failed: waiting for presence of element located by: By.xpath: //*[contains(@text,'手机号码或密码不能为空1')] (tried for 10 second(s) with 500 milliseconds interval)]]>
            </message>
            <full-stacktrace>
              <![CDATA[org.openqa.selenium.TimeoutException: Expected condition failed: waiting for presence of element located by: By.xpath: //*[contains(@text,'手机号码或密码不能为空1')] (tried for 10 second(s) with 500 milliseconds interval)
at org.openqa.selenium.support.ui.WebDriverWait.timeoutException(WebDriverWait.java:95)
at org.openqa.selenium.support.ui.FluentWait.until(FluentWait.java:272)
at com.lemon.common.BasePage.waitElementPresence(BasePage.java:64)
at com.lemon.common.BasePage.getToastText(BasePage.java:86)
at com.lemon.page.LoginPage.loginFailedFLow(LoginPage.java:74)
at com.lemon.cases.LoginCase.loginFailed02(LoginCase.java:66)
at sun.reflect.NativeMethodAccessorImpl.invoke0(Native Method)
at sun.reflect.NativeMethodAccessorImpl.invoke(NativeMethodAccessorImpl.java:62)
at sun.reflect.DelegatingMethodAccessorImpl.invoke(DelegatingMethodAccessorImpl.java:43)
at java.lang.reflect.Method.invoke(Method.java:498)
at org.testng.internal.MethodInvocationHelper.invokeMethod(MethodInvocationHelper.java:133)
at org.testng.internal.MethodInvocationHelper$1.runTestMethod(MethodInvocationHelper.java:239)
at com.lemon.listener.AllureScreenShotListener.run(AllureScreenShotListener.java:28)
at org.testng.internal.MethodInvocationHelper.invokeHookable(MethodInvocationHelper.java:251)
at org.testng.internal.TestInvoker.invokeMethod(TestInvoker.java:580)
at org.testng.internal.TestInvoker.invokeTestMethod(TestInvoker.java:172)
at org.testng.internal.MethodRunner.runInSequence(MethodRunner.java:46)
at org.testng.internal.TestInvoker$MethodInvocationAgent.invoke(TestInvoker.java:804)
at org.testng.internal.TestInvoker.invokeTestMethods(TestInvoker.java:145)
at org.testng.internal.TestMethodWorker.invokeTestMethods(TestMethodWorker.java:146)
at org.testng.internal.TestMethodWorker.run(TestMethodWorker.java:128)
at java.util.ArrayList.forEach(ArrayList.java:1257)
at org.testng.TestRunner.privateRun(TestRunner.java:770)
at org.testng.TestRunner.run(TestRunner.java:591)
at org.testng.SuiteRunner.runTest(SuiteRunner.java:402)
at org.testng.SuiteRunner.runSequentially(SuiteRunner.java:396)
at org.testng.SuiteRunner.privateRun(SuiteRunner.java:355)
at org.testng.SuiteRunner.run(SuiteRunner.java:304)
at org.testng.SuiteRunnerWorker.runSuite(SuiteRunnerWorker.java:53)
at org.testng.SuiteRunnerWorker.run(SuiteRunnerWorker.java:96)
at org.testng.TestNG.runSuitesSequentially(TestNG.java:1180)
at org.testng.TestNG.runSuitesLocally(TestNG.java:1102)
at org.testng.TestNG.runSuites(TestNG.java:1032)
at org.testng.TestNG.run(TestNG.java:1000)
at org.apache.maven.surefire.testng.TestNGExecutor.run(TestNGExecutor.java:283)
at org.apache.maven.surefire.testng.TestNGXmlTestSuite.execute(TestNGXmlTestSuite.java:75)
at org.apache.maven.surefire.testng.TestNGProvider.invoke(TestNGProvider.java:120)
at org.apache.maven.surefire.booter.ForkedBooter.invokeProviderInSameClassLoader(ForkedBooter.java:384)
at org.apache.maven.surefire.booter.ForkedBooter.runSuitesInProcess(ForkedBooter.java:345)
at org.apache.maven.surefire.booter.ForkedBooter.execute(ForkedBooter.java:126)
at org.apache.maven.surefire.booter.ForkedBooter.main(ForkedBooter.java:418)
Caused by: org.openqa.selenium.NoSuchElementException: An element could not be located on the page using the given search parameters.
For documentation on this error, please visit: https://www.seleniumhq.org/exceptions/no_such_element.html
Build info: version: '3.141.59', revision: 'e82be7d358', time: '2018-11-14T08:17:03'
System info: host: 'LAPTOP-G2P2MI3J', ip: '192.168.199.193', os.name: 'Windows 10', os.arch: 'amd64', os.version: '10.0', java.version: '1.8.0_231'
Driver info: io.appium.java_client.android.AndroidDriver
Capabilities {appActivity: com.lemon.lemonban.activity..., appPackage: com.lemon.lemonban, databaseEnabled: false, desired: {appActivity: com.lemon.lemonban.activity..., appPackage: com.lemon.lemonban, deviceName: 127.0.0.1:62001, platformName: android}, deviceApiLevel: 25, deviceManufacturer: OPPO, deviceModel: OPPO R11 Plus, deviceName: 127.0.0.1:62001, deviceScreenDensity: 320, deviceScreenSize: 900x1600, deviceUDID: 127.0.0.1:62001, javascriptEnabled: true, locationContextEnabled: false, networkConnectionEnabled: true, pixelRatio: 2, platform: LINUX, platformName: Android, platformVersion: 7.1.2, statBarHeight: 48, takesScreenshot: true, viewportRect: {height: 1552, left: 0, top: 48, width: 900}, warnings: {}, webStorageEnabled: false}
Session ID: 3afb7b9e-e2bc-43c4-8b3b-6e39712c6e65
*** Element info: {Using=xpath, value=//*[contains(@text,'手机号码或密码不能为空1')]}
at sun.reflect.GeneratedConstructorAccessor13.newInstance(Unknown Source)
at sun.reflect.DelegatingConstructorAccessorImpl.newInstance(DelegatingConstructorAccessorImpl.java:45)
at java.lang.reflect.Constructor.newInstance(Constructor.java:423)
at org.openqa.selenium.remote.http.W3CHttpResponseCodec.createException(W3CHttpResponseCodec.java:187)
at org.openqa.selenium.remote.http.W3CHttpResponseCodec.decode(W3CHttpResponseCodec.java:122)
at org.openqa.selenium.remote.http.W3CHttpResponseCodec.decode(W3CHttpResponseCodec.java:49)
at org.openqa.selenium.remote.HttpCommandExecutor.execute(HttpCommandExecutor.java:158)
at io.appium.java_client.remote.AppiumCommandExecutor.execute(AppiumCommandExecutor.java:239)
at org.openqa.selenium.remote.RemoteWebDriver.execute(RemoteWebDriver.java:552)
at io.appium.java_client.DefaultGenericMobileDriver.execute(DefaultGenericMobileDriver.java:42)
at io.appium.java_client.AppiumDriver.execute(AppiumDriver.java:1)
at io.appium.java_client.android.AndroidDriver.execute(AndroidDriver.java:1)
at org.openqa.selenium.remote.RemoteWebDriver.findElement(RemoteWebDriver.java:323)
at io.appium.java_client.DefaultGenericMobileDriver.findElement(DefaultGenericMobileDriver.java:62)
at io.appium.java_client.AppiumDriver.findElement(AppiumDriver.java:1)
at io.appium.java_client.android.AndroidDriver.findElement(AndroidDriver.java:1)
at org.openqa.selenium.remote.RemoteWebDriver.findElementByXPath(RemoteWebDriver.java:428)
at io.appium.java_client.DefaultGenericMobileDriver.findElementByXPath(DefaultGenericMobileDriver.java:152)
at io.appium.java_client.AppiumDriver.findElementByXPath(AppiumDriver.java:1)
at io.appium.java_client.android.AndroidDriver.findElementByXPath(AndroidDriver.java:1)
at org.openqa.selenium.By$ByXPath.findElement(By.java:353)
at org.openqa.selenium.remote.RemoteWebDriver.findElement(RemoteWebDriver.java:315)
at io.appium.java_client.DefaultGenericMobileDriver.findElement(DefaultGenericMobileDriver.java:58)
at io.appium.java_client.AppiumDriver.findElement(AppiumDriver.java:1)
at io.appium.java_client.android.AndroidDriver.findElement(AndroidDriver.java:1)
at org.openqa.selenium.support.ui.ExpectedConditions$6.apply(ExpectedConditions.java:182)
at org.openqa.selenium.support.ui.ExpectedConditions$6.apply(ExpectedConditions.java:179)
at org.openqa.selenium.support.ui.FluentWait.until(FluentWait.java:249)
... 39 more
]]>
            </full-stacktrace>
          </exception> <!-- org.openqa.selenium.TimeoutException -->
          <reporter-output>
          </reporter-output>
        </test-method> <!-- loginFailed02 -->
        <test-method status="PASS" signature="loginFailed02(java.lang.String, java.lang.String, java.lang.String)[pri:0, instance:com.lemon.cases.LoginCase@2552f2cb]" name="loginFailed02" duration-ms="4969" started-at="2020-10-20T21:31:43 CST" data-provider="datas" finished-at="2020-10-20T21:31:48 CST">
          <params>
            <param index="0">
              <value>
                <![CDATA[13213123]]>
              </value>
            </param>
            <param index="1">
              <value>
                <![CDATA[123123]]>
              </value>
            </param>
            <param index="2">
              <value>
                <![CDATA[手机号码格式不正确]]>
              </value>
            </param>
          </params>
          <reporter-output>
          </reporter-output>
        </test-method> <!-- loginFailed02 -->
        <test-method status="PASS" signature="loginFailed02(java.lang.String, java.lang.String, java.lang.String)[pri:0, instance:com.lemon.cases.LoginCase@2552f2cb]" name="loginFailed02" duration-ms="5201" started-at="2020-10-20T21:31:48 CST" data-provider="datas" finished-at="2020-10-20T21:31:53 CST">
          <params>
            <param index="0">
              <value>
                <![CDATA[13323234545]]>
              </value>
            </param>
            <param index="1">
              <value>
                <![CDATA[]]>
              </value>
            </param>
            <param index="2">
              <value>
                <![CDATA[手机号码或密码不能为空]]>
              </value>
            </param>
          </params>
          <reporter-output>
          </reporter-output>
        </test-method> <!-- loginFailed02 -->
        <test-method status="PASS" signature="loginFailed02(java.lang.String, java.lang.String, java.lang.String)[pri:0, instance:com.lemon.cases.LoginCase@2552f2cb]" name="loginFailed02" duration-ms="5282" started-at="2020-10-20T21:31:53 CST" data-provider="datas" finished-at="2020-10-20T21:31:59 CST">
          <params>
            <param index="0">
              <value>
                <![CDATA[]]>
              </value>
            </param>
            <param index="1">
              <value>
                <![CDATA[123123123]]>
              </value>
            </param>
            <param index="2">
              <value>
                <![CDATA[手机号码或密码不能为空]]>
              </value>
            </param>
          </params>
          <reporter-output>
          </reporter-output>
        </test-method> <!-- loginFailed02 -->
        <test-method status="PASS" signature="loginSuccess()[pri:1, instance:com.lemon.cases.LoginCase@2552f2cb]" name="loginSuccess" duration-ms="6864" started-at="2020-10-20T21:31:59 CST" finished-at="2020-10-20T21:32:05 CST">
          <reporter-output>
          </reporter-output>
        </test-method> <!-- loginSuccess -->
        <test-method status="PASS" signature="tearDown()[pri:0, instance:com.lemon.cases.LoginCase@2552f2cb]" name="tearDown" is-config="true" duration-ms="4205" started-at="2020-10-20T21:32:21 CST" finished-at="2020-10-20T21:32:26 CST">
          <reporter-output>
          </reporter-output>
        </test-method> <!-- tearDown -->
      </class> <!-- com.lemon.cases.LoginCase -->
      <class name="com.lemon.cases.TikuCase">
        <test-method status="PASS" signature="setUp()[pri:0, instance:com.lemon.cases.TikuCase@33352f32]" name="setUp" is-config="true" duration-ms="10813" started-at="2020-10-20T21:31:08 CST" finished-at="2020-10-20T21:31:19 CST">
          <reporter-output>
          </reporter-output>
        </test-method> <!-- setUp -->
        <test-method status="PASS" signature="testFavorites()[pri:0, instance:com.lemon.cases.TikuCase@33352f32]" name="testFavorites" duration-ms="7374" started-at="2020-10-20T21:32:05 CST" finished-at="2020-10-20T21:32:13 CST">
          <reporter-output>
          </reporter-output>
        </test-method> <!-- testFavorites -->
        <test-method status="PASS" signature="testShowAnswer()[pri:0, instance:com.lemon.cases.TikuCase@33352f32]" name="testShowAnswer" duration-ms="8544" started-at="2020-10-20T21:32:13 CST" finished-at="2020-10-20T21:32:21 CST">
          <reporter-output>
          </reporter-output>
        </test-method> <!-- testShowAnswer -->
        <test-method status="PASS" signature="tearDown()[pri:0, instance:com.lemon.cases.TikuCase@33352f32]" name="tearDown" is-config="true" duration-ms="4019" started-at="2020-10-20T21:32:26 CST" finished-at="2020-10-20T21:32:30 CST">
          <reporter-output>
          </reporter-output>
        </test-method> <!-- tearDown -->
      </class> <!-- com.lemon.cases.TikuCase -->
    </test> <!-- 登录测试 -->
  </suite> <!-- futureloan -->
</testng-results>
